<?xml version="1.0" encoding="UTF-8"?>
<testsuite xmlns:xsi="http://www.w3.org/2001/XMLSchema-instance" xsi:noNamespaceSchemaLocation="https://maven.apache.org/surefire/maven-surefire-plugin/xsd/surefire-test-report.xsd" version="3.0.2" name="TestSuite" time="155.04" tests="7" errors="0" skipped="0" failures="0">
  <properties>
[...]
</properties>
  <testcase name="testRegisterAccountSuccessful[{Address=10B Bank street No.3, Username=TestUser7, FirstName=Test, State=Telangana, ZipCode=560020, Phone=8876543210, Confirm=Password@123, Country=India, LastName=User, City=Hyderabad, SSN=321-45-9876, Password=Password@123}](1)" classname="Tests.TS01_Verify_New_User_Registration" time="34.719">
    <system-out><![CDATA[Logout link not found! Registration might have failed.
]]></system-out>
    <system-err><![CDATA[SLF4J: Failed to load class "org.slf4j.impl.StaticLoggerBinder".
SLF4J: Defaulting to no-operation (NOP) logger implementation
SLF4J: See http://www.slf4j.org/codes.html#StaticLoggerBinder for further details.
Jan 13, 2026 5:19:25 PM org.openqa.selenium.devtools.CdpVersionFinder findNearestMatch
WARNING: Unable to find an exact match for CDP version 143, returning the closest version; found: 139; Please update to a Selenium version that supports CDP version 143
]]></system-err>
  </testcase>
  <testcase name="testRegisterAccountSuccessful[{Address=680 Green Land road, Username=SampleTestUser7, FirstName=Sample, State=Telangana, ZipCode=560082, Phone=9654623261, Confirm=Password@1231, Country=India, LastName=TestUser, City=Hyderabad, SSN=321-45-9876, Password=Password@1231}](2)" classname="Tests.TS01_Verify_New_User_Registration" time="26.473">
    <system-out><![CDATA[Logout link not found! Registration might have failed.
]]></system-out>
    <system-err><![CDATA[Jan 13, 2026 5:20:07 PM org.openqa.selenium.devtools.CdpVersionFinder findNearestMatch
WARNING: Unable to find an exact match for CDP version 143, returning the closest version; found: 139; Please update to a Selenium version that supports CDP version 143
]]></system-err>
  </testcase>
  <testcase name="testVerifyLoginFunctionality[{Address=10B Bank street No.3, Username=TestUser7, FirstName=Test, State=Telangana, ZipCode=560020, Phone=8876543210, Confirm=Password@123, Country=India, LastName=User, City=Hyderabad, SSN=321-45-9876, Password=Password@123}](1)" classname="Tests.TS02_Verify_Login_Functionality" time="5.07">
    <system-err><![CDATA[Jan 13, 2026 5:20:41 PM org.openqa.selenium.devtools.CdpVersionFinder findNearestMatch
WARNING: Unable to find an exact match for CDP version 143, returning the closest version; found: 139; Please update to a Selenium version that supports CDP version 143
]]></system-err>
  </testcase>
  <testcase name="testVerifyLoginFunctionality[{Address=680 Green Land road, Username=SampleTestUser7, FirstName=Sample, State=Telangana, ZipCode=560082, Phone=9654623261, Confirm=Password@1231, Country=India, LastName=TestUser, City=Hyderabad, SSN=321-45-9876, Password=Password@1231}](2)" classname="Tests.TS02_Verify_Login_Functionality" time="4.802">
    <system-err><![CDATA[Jan 13, 2026 5:20:51 PM org.openqa.selenium.devtools.CdpVersionFinder findNearestMatch
WARNING: Unable to find an exact match for CDP version 143, returning the closest version; found: 139; Please update to a Selenium version that supports CDP version 143
]]></system-err>
  </testcase>
  <testcase name="testTransferfunds[SampleTestUser7, Password@1231, SAVINGS, 200](1)" classname="Tests.TS03_Verify_Fund_Transfer_Between_Accounts" time="11.166">
    <system-out><![CDATA[⏳ jQuery call is still in progress...
From Account: 22446
To Account: 22668
⏳ jQuery call is still in progress...
⏳ jQuery call is still in progress...
]]></system-out>
    <system-err><![CDATA[Jan 13, 2026 5:21:03 PM org.openqa.selenium.devtools.CdpVersionFinder findNearestMatch
WARNING: Unable to find an exact match for CDP version 143, returning the closest version; found: 139; Please update to a Selenium version that supports CDP version 143
]]></system-err>
  </testcase>
  <testcase name="testVerifyLoanRequest[SampleTestUser7, Password@1231, 200, 20, 0](1)" classname="Tests.TS04_Verify_Loan_Request" time="8.155">
    <system-out><![CDATA[⏳ jQuery call is still in progress...
]]></system-out>
    <system-err><![CDATA[Jan 13, 2026 5:21:20 PM org.openqa.selenium.devtools.CdpVersionFinder findNearestMatch
WARNING: Unable to find an exact match for CDP version 143, returning the closest version; found: 139; Please update to a Selenium version that supports CDP version 143
]]></system-err>
  </testcase>
  <testcase name="testUpdateProfile[TestUser7, Password@123, 8765432876](1)" classname="Tests.TS05_Verify_Profile_Update" time="12.378">
    <system-out><![CDATA[⏳ jQuery call is still in progress...
Phone after update: 8765432876
⏳ jQuery call is still in progress...
⏳ jQuery call is still in progress...
⏳ jQuery call is still in progress...
Phone after re-login: 8765432876
]]></system-out>
    <system-err><![CDATA[Jan 13, 2026 5:21:35 PM org.openqa.selenium.devtools.CdpVersionFinder findNearestMatch
WARNING: Unable to find an exact match for CDP version 143, returning the closest version; found: 139; Please update to a Selenium version that supports CDP version 143
]]></system-err>
  </testcase>
</testsuite>