<?xml version="1.0" encoding="UTF-8"?>
<testng-results ignored="0" total="7" passed="7" failed="0" skipped="0">
  <reporter-output>
  </reporter-output>
  <suite started-at="2026-01-13T17:56:21 IST" name="Default suite" finished-at="2026-01-13T17:58:25 IST" duration-ms="124250">
    <groups>
    </groups>
    <test started-at="2026-01-13T17:56:21 IST" name="Default test" finished-at="2026-01-13T17:58:25 IST" duration-ms="124250">
      <class name="Tests.TS02_Verify_Login_Functionality">
        <test-method is-config="true" signature="setUp(java.lang.String,java.lang.String)[pri:0, instance:Tests.TS02_Verify_Login_Functionality@4593ff34]" started-at="2026-01-13T17:56:22 IST" name="setUp" finished-at="2026-01-13T17:56:29 IST" duration-ms="7030" status="PASS">
          <params>
            <param index="0">
              <value>
                <![CDATA[windows]]>
              </value>
            </param>
            <param index="1">
              <value>
                <![CDATA[chrome]]>
              </value>
            </param>
          </params>
          <reporter-output>
          </reporter-output>
        </test-method> <!-- setUp -->
        <test-method signature="testVerifyLoginFunctionality(java.util.Map)[pri:0, instance:Tests.TS02_Verify_Login_Functionality@4593ff34]" started-at="2026-01-13T17:56:29 IST" name="testVerifyLoginFunctionality" description="TS02_Verify Login Functionality" data-provider="register" finished-at="2026-01-13T17:56:33 IST" duration-ms="3585" status="PASS">
          <params>
            <param index="0">
              <value>
                <![CDATA[{Address=10B Bank street No.3, Username=TestUser7, FirstName=Test, State=Telangana, ZipCode=560020, Phone=8876543210, Confirm=Password@123, Country=India, LastName=User, City=Hyderabad, SSN=321-45-9876, Password=Password@123}]]>
              </value>
            </param>
          </params>
          <reporter-output>
          </reporter-output>
        </test-method> <!-- testVerifyLoginFunctionality -->
        <test-method is-config="true" signature="tearDown()[pri:0, instance:Tests.TS02_Verify_Login_Functionality@4593ff34]" started-at="2026-01-13T17:56:33 IST" name="tearDown" finished-at="2026-01-13T17:56:33 IST" duration-ms="203" status="PASS">
          <reporter-output>
          </reporter-output>
        </test-method> <!-- tearDown -->
        <test-method is-config="true" signature="setUp(java.lang.String,java.lang.String)[pri:0, instance:Tests.TS02_Verify_Login_Functionality@4593ff34]" started-at="2026-01-13T17:56:33 IST" name="setUp" finished-at="2026-01-13T17:56:39 IST" duration-ms="5674" status="PASS">
          <params>
            <param index="0">
              <value>
                <![CDATA[windows]]>
              </value>
            </param>
            <param index="1">
              <value>
                <![CDATA[chrome]]>
              </value>
            </param>
          </params>
          <reporter-output>
          </reporter-output>
        </test-method> <!-- setUp -->
        <test-method signature="testVerifyLoginFunctionality(java.util.Map)[pri:0, instance:Tests.TS02_Verify_Login_Functionality@4593ff34]" started-at="2026-01-13T17:56:39 IST" name="testVerifyLoginFunctionality" description="TS02_Verify Login Functionality" data-provider="register" finished-at="2026-01-13T17:56:43 IST" duration-ms="4180" status="PASS">
          <params>
            <param index="0">
              <value>
                <![CDATA[{Address=680 Green Land road, Username=SampleTestUser7, FirstName=Sample, State=Telangana, ZipCode=560082, Phone=9654623261, Confirm=Password@1231, Country=India, LastName=TestUser, City=Hyderabad, SSN=321-45-9876, Password=Password@1231}]]>
              </value>
            </param>
          </params>
          <reporter-output>
          </reporter-output>
        </test-method> <!-- testVerifyLoginFunctionality -->
        <test-method is-config="true" signature="tearDown()[pri:0, instance:Tests.TS02_Verify_Login_Functionality@4593ff34]" started-at="2026-01-13T17:56:43 IST" name="tearDown" finished-at="2026-01-13T17:56:43 IST" duration-ms="181" status="PASS">
          <reporter-output>
          </reporter-output>
        </test-method> <!-- tearDown -->
      </class> <!-- Tests.TS02_Verify_Login_Functionality -->
      <class name="Tests.TS05_Verify_Profile_Update">
        <test-method is-config="true" signature="setUp(java.lang.String,java.lang.String)[pri:0, instance:Tests.TS05_Verify_Profile_Update@7cd1ac19]" started-at="2026-01-13T17:56:53 IST" name="setUp" finished-at="2026-01-13T17:56:59 IST" duration-ms="5846" status="PASS">
          <params>
            <param index="0">
              <value>
                <![CDATA[windows]]>
              </value>
            </param>
            <param index="1">
              <value>
                <![CDATA[chrome]]>
              </value>
            </param>
          </params>
          <reporter-output>
          </reporter-output>
        </test-method> <!-- setUp -->
        <test-method signature="testUpdateProfile(java.lang.String,java.lang.String,java.lang.String)[pri:0, instance:Tests.TS05_Verify_Profile_Update@7cd1ac19]" started-at="2026-01-13T17:56:59 IST" name="testUpdateProfile" data-provider="updateProfileData" finished-at="2026-01-13T17:57:15 IST" duration-ms="15754" status="PASS">
          <params>
            <param index="0">
              <value>
                <![CDATA[TestUser7]]>
              </value>
            </param>
            <param index="1">
              <value>
                <![CDATA[Password@123]]>
              </value>
            </param>
            <param index="2">
              <value>
                <![CDATA[8765432876]]>
              </value>
            </param>
          </params>
          <reporter-output>
          </reporter-output>
        </test-method> <!-- testUpdateProfile -->
        <test-method is-config="true" signature="tearDown()[pri:0, instance:Tests.TS05_Verify_Profile_Update@7cd1ac19]" started-at="2026-01-13T17:57:15 IST" name="tearDown" finished-at="2026-01-13T17:57:15 IST" duration-ms="251" status="PASS">
          <reporter-output>
          </reporter-output>
        </test-method> <!-- tearDown -->
      </class> <!-- Tests.TS05_Verify_Profile_Update -->
      <class name="Tests.TS04_Verify_Loan_Request">
        <test-method is-config="true" signature="setUp(java.lang.String,java.lang.String)[pri:0, instance:Tests.TS04_Verify_Loan_Request@5851bd4f]" started-at="2026-01-13T17:56:43 IST" name="setUp" finished-at="2026-01-13T17:56:49 IST" duration-ms="6025" status="PASS">
          <params>
            <param index="0">
              <value>
                <![CDATA[windows]]>
              </value>
            </param>
            <param index="1">
              <value>
                <![CDATA[chrome]]>
              </value>
            </param>
          </params>
          <reporter-output>
          </reporter-output>
        </test-method> <!-- setUp -->
        <test-method signature="testVerifyLoanRequest(java.lang.String,java.lang.String,java.lang.String,java.lang.String,int)[pri:0, instance:Tests.TS04_Verify_Loan_Request@5851bd4f]" started-at="2026-01-13T17:56:49 IST" name="testVerifyLoanRequest" data-provider="loanRequestData" finished-at="2026-01-13T17:56:53 IST" duration-ms="3811" status="PASS">
          <params>
            <param index="0">
              <value>
                <![CDATA[SampleTestUser7]]>
              </value>
            </param>
            <param index="1">
              <value>
                <![CDATA[Password@1231]]>
              </value>
            </param>
            <param index="2">
              <value>
                <![CDATA[200]]>
              </value>
            </param>
            <param index="3">
              <value>
                <![CDATA[20]]>
              </value>
            </param>
            <param index="4">
              <value>
                <![CDATA[0]]>
              </value>
            </param>
          </params>
          <reporter-output>
          </reporter-output>
        </test-method> <!-- testVerifyLoanRequest -->
        <test-method is-config="true" signature="tearDown()[pri:0, instance:Tests.TS04_Verify_Loan_Request@5851bd4f]" started-at="2026-01-13T17:56:53 IST" name="tearDown" finished-at="2026-01-13T17:56:53 IST" duration-ms="193" status="PASS">
          <reporter-output>
          </reporter-output>
        </test-method> <!-- tearDown -->
      </class> <!-- Tests.TS04_Verify_Loan_Request -->
      <class name="Tests.TS01_Verify_New_User_Registration">
        <test-method is-config="true" signature="setUp(java.lang.String,java.lang.String)[pri:0, instance:Tests.TS01_Verify_New_User_Registration@3caa4757]" started-at="2026-01-13T17:57:15 IST" name="setUp" finished-at="2026-01-13T17:57:19 IST" duration-ms="4332" status="PASS">
          <params>
            <param index="0">
              <value>
                <![CDATA[windows]]>
              </value>
            </param>
            <param index="1">
              <value>
                <![CDATA[chrome]]>
              </value>
            </param>
          </params>
          <reporter-output>
          </reporter-output>
        </test-method> <!-- setUp -->
        <test-method signature="testRegisterAccountSuccessful(java.util.Map)[pri:0, instance:Tests.TS01_Verify_New_User_Registration@3caa4757]" started-at="2026-01-13T17:57:19 IST" name="testRegisterAccountSuccessful" description="TC_001 - Verify user can register an account successfully" data-provider="register" finished-at="2026-01-13T17:57:44 IST" duration-ms="24569" status="PASS">
          <params>
            <param index="0">
              <value>
                <![CDATA[{Address=10B Bank street No.3, Username=TestUser7, FirstName=Test, State=Telangana, ZipCode=560020, Phone=8876543210, Confirm=Password@123, Country=India, LastName=User, City=Hyderabad, SSN=321-45-9876, Password=Password@123}]]>
              </value>
            </param>
          </params>
          <reporter-output>
          </reporter-output>
        </test-method> <!-- testRegisterAccountSuccessful -->
        <test-method is-config="true" signature="tearDown()[pri:0, instance:Tests.TS01_Verify_New_User_Registration@3caa4757]" started-at="2026-01-13T17:57:44 IST" name="tearDown" finished-at="2026-01-13T17:57:44 IST" duration-ms="235" status="PASS">
          <reporter-output>
          </reporter-output>
        </test-method> <!-- tearDown -->
        <test-method is-config="true" signature="setUp(java.lang.String,java.lang.String)[pri:0, instance:Tests.TS01_Verify_New_User_Registration@3caa4757]" started-at="2026-01-13T17:57:44 IST" name="setUp" finished-at="2026-01-13T17:57:49 IST" duration-ms="5096" status="PASS">
          <params>
            <param index="0">
              <value>
                <![CDATA[windows]]>
              </value>
            </param>
            <param index="1">
              <value>
                <![CDATA[chrome]]>
              </value>
            </param>
          </params>
          <reporter-output>
          </reporter-output>
        </test-method> <!-- setUp -->
        <test-method signature="testRegisterAccountSuccessful(java.util.Map)[pri:0, instance:Tests.TS01_Verify_New_User_Registration@3caa4757]" started-at="2026-01-13T17:57:49 IST" name="testRegisterAccountSuccessful" description="TC_001 - Verify user can register an account successfully" data-provider="register" finished-at="2026-01-13T17:58:12 IST" duration-ms="23163" status="PASS">
          <params>
            <param index="0">
              <value>
                <![CDATA[{Address=680 Green Land road, Username=SampleTestUser7, FirstName=Sample, State=Telangana, ZipCode=560082, Phone=9654623261, Confirm=Password@1231, Country=India, LastName=TestUser, City=Hyderabad, SSN=321-45-9876, Password=Password@1231}]]>
              </value>
            </param>
          </params>
          <reporter-output>
          </reporter-output>
        </test-method> <!-- testRegisterAccountSuccessful -->
        <test-method is-config="true" signature="tearDown()[pri:0, instance:Tests.TS01_Verify_New_User_Registration@3caa4757]" started-at="2026-01-13T17:58:12 IST" name="tearDown" finished-at="2026-01-13T17:58:13 IST" duration-ms="240" status="PASS">
          <reporter-output>
          </reporter-output>
        </test-method> <!-- tearDown -->
      </class> <!-- Tests.TS01_Verify_New_User_Registration -->
      <class name="Tests.TS03_Verify_Fund_Transfer_Between_Accounts">
        <test-method is-config="true" signature="setUp(java.lang.String,java.lang.String)[pri:0, instance:Tests.TS03_Verify_Fund_Transfer_Between_Accounts@69c43e48]" started-at="2026-01-13T17:58:13 IST" name="setUp" finished-at="2026-01-13T17:58:17 IST" duration-ms="4678" status="PASS">
          <params>
            <param index="0">
              <value>
                <![CDATA[windows]]>
              </value>
            </param>
            <param index="1">
              <value>
                <![CDATA[chrome]]>
              </value>
            </param>
          </params>
          <reporter-output>
          </reporter-output>
        </test-method> <!-- setUp -->
        <test-method signature="testTransferfunds(java.lang.String,java.lang.String,java.lang.String,java.lang.String)[pri:0, instance:Tests.TS03_Verify_Fund_Transfer_Between_Accounts@69c43e48]" started-at="2026-01-13T17:58:17 IST" name="testTransferfunds" data-provider="transferData" finished-at="2026-01-13T17:58:25 IST" duration-ms="8012" status="PASS">
          <params>
            <param index="0">
              <value>
                <![CDATA[SampleTestUser7]]>
              </value>
            </param>
            <param index="1">
              <value>
                <![CDATA[Password@1231]]>
              </value>
            </param>
            <param index="2">
              <value>
                <![CDATA[SAVINGS]]>
              </value>
            </param>
            <param index="3">
              <value>
                <![CDATA[200]]>
              </value>
            </param>
          </params>
          <reporter-output>
          </reporter-output>
        </test-method> <!-- testTransferfunds -->
        <test-method is-config="true" signature="tearDown()[pri:0, instance:Tests.TS03_Verify_Fund_Transfer_Between_Accounts@69c43e48]" started-at="2026-01-13T17:58:25 IST" name="tearDown" finished-at="2026-01-13T17:58:25 IST" duration-ms="204" status="PASS">
          <reporter-output>
          </reporter-output>
        </test-method> <!-- tearDown -->
      </class> <!-- Tests.TS03_Verify_Fund_Transfer_Between_Accounts -->
    </test> <!-- Default test -->
  </suite> <!-- Default suite -->
</testng-results>
