<?xml version="1.0" encoding="UTF-8"?>
<!-- Generated by org.testng.reporters.JUnitReportReporter -->
<testsuite hostname="DESKTOP-D0J9SHG" failures="0" tests="2" name="Tests.TS01_Verify_New_User_Registration" time="53.308" errors="0" timestamp="2025-12-29T20:48:30 IST" skipped="0">
  <testcase classname="Tests.TS01_Verify_New_User_Registration" name="testRegisterAccountSuccessful" time="26.377"/>
  <testcase classname="Tests.TS01_Verify_New_User_Registration" name="testRegisterAccountSuccessful" time="26.931"/>
</testsuite> <!-- Tests.TS01_Verify_New_User_Registration -->
