<?xml version="1.0" encoding="UTF-8"?>
<!-- Generated by org.testng.reporters.JUnitReportReporter -->
<testsuite hostname="DESKTOP-D0J9SHG" failures="0" tests="2" name="Tests.TS01_Verify_New_User_Registration" time="57.635" errors="0" timestamp="2026-01-13T17:58:26 IST" skipped="0">
  <testcase classname="Tests.TS01_Verify_New_User_Registration" name="testRegisterAccountSuccessful" time="27.735"/>
  <testcase classname="Tests.TS01_Verify_New_User_Registration" name="testRegisterAccountSuccessful" time="29.900"/>
</testsuite> <!-- Tests.TS01_Verify_New_User_Registration -->
