<?xml version="1.0" encoding="UTF-8"?>
<!-- Generated by org.testng.reporters.JUnitReportReporter -->
<testsuite hostname="DESKTOP-D0J9SHG" failures="0" tests="2" name="Tests.TS02_Verify_Login_Functionality" time="45.566" errors="0" timestamp="2025-12-29T20:48:30 IST" skipped="0">
  <testcase classname="Tests.TS02_Verify_Login_Functionality" name="testVerifyLoginFunctionality" time="38.870"/>
  <testcase classname="Tests.TS02_Verify_Login_Functionality" name="testVerifyLoginFunctionality" time="6.696"/>
</testsuite> <!-- Tests.TS02_Verify_Login_Functionality -->
