<?xml version="1.0" encoding="UTF-8"?>
<!-- Generated by org.testng.reporters.JUnitXMLReporter -->
<testsuite ignored="0" hostname="DESKTOP-D0J9SHG" failures="0" tests="7" name="Default test" time="124.25" errors="0" timestamp="2026-01-13T17:58:25 IST">
  <testcase classname="Tests.TS02_Verify_Login_Functionality" name="testVerifyLoginFunctionality" time="3.585"/>
  <testcase classname="Tests.TS02_Verify_Login_Functionality" name="testVerifyLoginFunctionality" time="4.18"/>
  <testcase classname="Tests.TS04_Verify_Loan_Request" name="testVerifyLoanRequest" time="3.811"/>
  <testcase classname="Tests.TS05_Verify_Profile_Update" name="testUpdateProfile" time="15.754"/>
  <testcase classname="Tests.TS01_Verify_New_User_Registration" name="testRegisterAccountSuccessful" time="24.569"/>
  <testcase classname="Tests.TS01_Verify_New_User_Registration" name="testRegisterAccountSuccessful" time="23.163"/>
  <testcase classname="Tests.TS03_Verify_Fund_Transfer_Between_Accounts" name="testTransferfunds" time="8.012"/>
</testsuite> <!-- Default test -->
