<?xml version="1.0" encoding="UTF-8"?>
<!-- Generated by org.testng.reporters.JUnitXMLReporter -->
<testsuite ignored="0" hostname="DESKTOP-D0J9SHG" failures="0" tests="7" name="Default test" time="135.518" errors="0" timestamp="2025-12-29T20:48:30 IST">
  <testcase classname="Tests.TS02_Verify_Login_Functionality" name="testVerifyLoginFunctionality" time="3.466"/>
  <testcase classname="Tests.TS02_Verify_Login_Functionality" name="testVerifyLoginFunctionality" time="2.361"/>
  <testcase classname="Tests.TS04_Verify_Loan_Request" name="testVerifyLoanRequest" time="3.704"/>
  <testcase classname="Tests.TS05_Verify_Profile_Update" name="testUpdateProfile" time="9.514"/>
  <testcase classname="Tests.TS01_Verify_New_User_Registration" name="testRegisterAccountSuccessful" time="22.539"/>
  <testcase classname="Tests.TS01_Verify_New_User_Registration" name="testRegisterAccountSuccessful" time="22.938"/>
  <testcase classname="Tests.TS03_Verify_Fund_Transfer_Between_Accounts" name="testTransferfunds" time="5.887"/>
</testsuite> <!-- Default test -->
