<?xml version="1.0" encoding="UTF-8"?>
<!-- Generated by org.testng.reporters.JUnitXMLReporter -->
<testsuite ignored="0" hostname="DESKTOP-D0J9SHG" failures="0" tests="7" name="Test" time="151.381" errors="0" timestamp="2026-01-13T17:21:53 IST">
  <testcase classname="Tests.TS01_Verify_New_User_Registration" name="testRegisterAccountSuccessful" time="34.698"/>
  <testcase classname="Tests.TS01_Verify_New_User_Registration" name="testRegisterAccountSuccessful" time="26.458"/>
  <testcase classname="Tests.TS02_Verify_Login_Functionality" name="testVerifyLoginFunctionality" time="5.07"/>
  <testcase classname="Tests.TS02_Verify_Login_Functionality" name="testVerifyLoginFunctionality" time="4.802"/>
  <testcase classname="Tests.TS03_Verify_Fund_Transfer_Between_Accounts" name="testTransferfunds" time="11.15"/>
  <testcase classname="Tests.TS04_Verify_Loan_Request" name="testVerifyLoanRequest" time="8.157"/>
  <testcase classname="Tests.TS05_Verify_Profile_Update" name="testUpdateProfile" time="12.375"/>
</testsuite> <!-- Test -->
