<?xml version="1.0" encoding="UTF-8"?>
<!-- Generated by org.testng.reporters.JUnitReportReporter -->
<testsuite hostname="DESKTOP-D0J9SHG" failures="0" tests="2" name="Tests.TS02_Verify_Login_Functionality" time="22.022" errors="0" timestamp="2026-01-13T17:21:53 IST" skipped="0">
  <testcase classname="Tests.TS02_Verify_Login_Functionality" name="testVerifyLoginFunctionality" time="11.354"/>
  <testcase classname="Tests.TS02_Verify_Login_Functionality" name="testVerifyLoginFunctionality" time="10.668"/>
</testsuite> <!-- Tests.TS02_Verify_Login_Functionality -->
