<?xml version="1.0" encoding="UTF-8"?>
<!-- Generated by org.testng.reporters.JUnitReportReporter -->
<testsuite hostname="DESKTOP-D0J9SHG" failures="0" tests="2" name="Tests.TS01_Verify_New_User_Registration" time="76.921" errors="0" timestamp="2026-01-13T17:21:53 IST" skipped="0">
  <testcase classname="Tests.TS01_Verify_New_User_Registration" name="testRegisterAccountSuccessful" time="43.752"/>
  <testcase classname="Tests.TS01_Verify_New_User_Registration" name="testRegisterAccountSuccessful" time="33.169"/>
</testsuite> <!-- Tests.TS01_Verify_New_User_Registration -->
